<?xml version="1.0" encoding="UTF-8"?>
<!-- Generated by org.testng.reporters.JUnitReportReporter -->
<testsuite hostname="user-PC" name="com.qa.Tests.Test2" tests="3" failures="0" timestamp="7 Jul 2018 13:07:13 GMT" time="0.014" errors="0">
  <testcase name="test4" time="0.002" classname="com.qa.Tests.Test2"/>
  <testcase name="test6" time="0.010" classname="com.qa.Tests.Test2"/>
  <testcase name="test5" time="0.002" classname="com.qa.Tests.Test2"/>
</testsuite> <!-- com.qa.Tests.Test2 -->
